<?xml version="1.0" encoding="UTF-8"?>
<!-- Generated by org.testng.reporters.JUnitReportReporter -->
<testsuite hostname="LAPTOP-0H005IDA" name="com.qa.hap.tests.CreateOfferTest" tests="2" failures="0" timestamp="29 Jun 2022 03:51:00 GMT" time="227.063" errors="0">
  <testcase name="CreteOfferPageSuccessfully" time="123.563" classname="com.qa.hap.tests.CreateOfferTest"/>
  <testcase name="CreteOfferPageSuccessfully" time="103.500" classname="com.qa.hap.tests.CreateOfferTest"/>
</testsuite> <!-- com.qa.hap.tests.CreateOfferTest -->
