<?xml version="1.0" encoding="UTF-8"?>
<!-- Generated by org.testng.reporters.JUnitReportReporter -->
<testsuite hostname="LAPTOP-0H005IDA" name="com.qa.hap.tests.HomePageTest" tests="4" failures="0" timestamp="14 Jun 2022 03:54:26 GMT" time="22.521" errors="0">
  <testcase name="homepageHeadersHapVideosTest" time="7.098" classname="com.qa.hap.tests.HomePageTest"/>
  <testcase name="homepageHeadersTest" time="5.100" classname="com.qa.hap.tests.HomePageTest"/>
  <testcase name="validateLogoutLink" time="5.000" classname="com.qa.hap.tests.HomePageTest"/>
  <testcase name="HomepageHeaderTest" time="5.323" classname="com.qa.hap.tests.HomePageTest"/>
</testsuite> <!-- com.qa.hap.tests.HomePageTest -->
