<?xml version="1.0" encoding="UTF-8"?>
<!-- Generated by org.testng.reporters.JUnitReportReporter -->
<testsuite hostname="LAPTOP-0H005IDA" name="com.qa.hap.tests.HomePageTest" tests="4" failures="0" timestamp="4 Jul 2022 03:15:03 GMT" time="22.793" errors="0">
  <testcase name="homepageHeadersHapVideosTest" time="7.112" classname="com.qa.hap.tests.HomePageTest"/>
  <testcase name="homepageHeadersTest" time="5.163" classname="com.qa.hap.tests.HomePageTest"/>
  <testcase name="validateLogoutLink" time="5.018" classname="com.qa.hap.tests.HomePageTest"/>
  <testcase name="HomepageHeaderTest" time="5.500" classname="com.qa.hap.tests.HomePageTest"/>
</testsuite> <!-- com.qa.hap.tests.HomePageTest -->
